<?xml version="1.0" encoding="UTF-8"?>
<testng-results ignored="0" total="1" passed="1" failed="0" skipped="0">
  <reporter-output>
  </reporter-output>
  <suite started-at="2020-09-11T18:10:35 IST" name="Default suite" finished-at="2020-09-11T18:11:13 IST" duration-ms="37326">
    <groups>
    </groups>
    <test started-at="2020-09-11T18:10:35 IST" name="Default test" finished-at="2020-09-11T18:11:13 IST" duration-ms="37326">
      <class name="l_pkgSampleTestThroughKatalonStudioEAsiteLogin.SampleTestCaseKatalonStudioChromeExtension">
        <test-method is-config="true" signature="setUp()[pri:0, instance:l_pkgSampleTestThroughKatalonStudioEAsiteLogin.SampleTestCaseKatalonStudioChromeExtension@36c88a32]" started-at="2020-09-11T18:10:35 IST" name="setUp" finished-at="2020-09-11T18:10:39 IST" duration-ms="3524" status="PASS">
          <reporter-output>
          </reporter-output>
        </test-method> <!-- setUp -->
        <test-method signature="testSampleTestCaseKatalonStudioChromeExtension()[pri:0, instance:l_pkgSampleTestThroughKatalonStudioEAsiteLogin.SampleTestCaseKatalonStudioChromeExtension@36c88a32]" started-at="2020-09-11T18:10:39 IST" name="testSampleTestCaseKatalonStudioChromeExtension" finished-at="2020-09-11T18:11:12 IST" duration-ms="33099" status="PASS">
          <reporter-output>
          </reporter-output>
        </test-method> <!-- testSampleTestCaseKatalonStudioChromeExtension -->
        <test-method is-config="true" signature="tearDown()[pri:0, instance:l_pkgSampleTestThroughKatalonStudioEAsiteLogin.SampleTestCaseKatalonStudioChromeExtension@36c88a32]" started-at="2020-09-11T18:11:12 IST" name="tearDown" finished-at="2020-09-11T18:11:13 IST" duration-ms="634" status="PASS">
          <reporter-output>
          </reporter-output>
        </test-method> <!-- tearDown -->
      </class> <!-- l_pkgSampleTestThroughKatalonStudioEAsiteLogin.SampleTestCaseKatalonStudioChromeExtension -->
    </test> <!-- Default test -->
  </suite> <!-- Default suite -->
</testng-results>
